1
长沙建站公司
1
-------------------test--------------------
7
长沙竞价托管
7
-------------------test--------------------
3
长沙网络公司
3
-------------------test--------------------
21
长沙网站建设
-------------------test--------------------
27
长沙网络营销
-------------------test--------------------
43
106短信平台
-------------------test--------------------
100
长沙SEO
-------------------test--------------------
100
长沙网站优化
-------------------test--------------------
100
长沙网站制作
-------------------test--------------------
23
长沙亲子游
-------------------test--------------------
100
长沙网站推广
-------------------test--------------------
34
长沙春游
-------------------test--------------------
100
短信平台
-------------------test--------------------
100
短信群发
-------------------test--------------------
100
短信群发平台
-------------------test--------------------
100
煲仔饭加盟
-------------------test--------------------
100
长沙煲仔饭
-------------------test--------------------
100
代办诊断证明书
-------------------test--------------------
100
代办病假条
-------------------test--------------------
100
北京代开病假条
-------------------test--------------------
100
北京代开诊断证明书
-------------------test--------------------
9
长沙室内装修
9
-------------------test--------------------
100
长沙亲子活动
-------------------test--------------------
4
多锤头破碎机
4
-------------------test--------------------
11
畜牧蚊香
-------------------test--------------------
1
多锤头破碎机租赁
1
-------------------test--------------------
3
碎石化
3
-------------------test--------------------
5
碎石化施工
5
-------------------test--------------------
17
小龙虾加盟
-------------------test--------------------
17
麻辣龙虾加盟店
-------------------test--------------------
1
湖南牌具
1
-------------------test--------------------
21
小龙虾加盟店
-------------------test--------------------
1
数字语音室
1
-------------------test--------------------
27
龙虾加盟店
-------------------test--------------------
27
打裂压稳施工
-------------------test--------------------
1
语音实验室
1
-------------------test--------------------
37
小龙虾技术培训
-------------------test--------------------
35
长沙牌具
-------------------test--------------------
100
长沙好的家装公司
-------------------test--------------------
100
长沙家装公司
-------------------test--------------------
100
长沙最好的装修公司
-------------------test--------------------
100
长沙装修公司
-------------------test--------------------
100
水泥路面破碎
-------------------test--------------------
100
小龙虾加盟连锁店
-------------------test--------------------
6
搅拌臂架泵
6
-------------------test--------------------
15
搅拌泵
-------------------test--------------------
6
车载搅拌泵
6
-------------------test--------------------
1
隧道混凝土泵
1
-------------------test--------------------
7
隧道湿喷机
7
-------------------test--------------------
100
万能遥控麻将机
-------------------test--------------------
100
扑克分析仪
-------------------test--------------------
3
张家界中国旅行社
3
-------------------test--------------------
100
程序麻将机
-------------------test--------------------
19
搅拌泵车
-------------------test--------------------
100
长沙牌技
-------------------test--------------------
5
旅游张家界
5
-------------------test--------------------
3
长沙流行声乐培训
3
-------------------test--------------------
1
电动卷帘厂家
1
-------------------test--------------------
100
语言学习系统
-------------------test--------------------
3
电动天棚帘厂家
3
-------------------test--------------------
2
电动开合帘厂家
2
-------------------test--------------------
1
电动蜂巢帘
1
-------------------test--------------------
1
电动蜂巢帘厂家
1
-------------------test--------------------
100
长沙信用卡代还
-------------------test--------------------
1
酒店电动开合帘
1
-------------------test--------------------
100
长沙信用卡套现
-------------------test--------------------
1
阳光房电动天棚帘
1
-------------------test--------------------
5
阳光房遮阳帘
5
-------------------test--------------------
9
长沙汽车租赁
9
-------------------test--------------------
100
长沙花呗套现
-------------------test--------------------
3
长沙汽车租赁公司电话
3
-------------------test--------------------
3
长沙汽车租车价格
3
-------------------test--------------------
11
长沙租车公司
-------------------test--------------------
100
搅拌拖泵一体机
-------------------test--------------------
7
湖南湘电长沙水泵有限公司

7
-------------------test--------------------
5
湘电长沙水泵厂有限公司
5
-------------------test--------------------
5
长沙水泵厂有限公司
5
-------------------test--------------------
31
张家界旅游费用
-------------------test--------------------
7
长沙化妆培训学校
7
-------------------test--------------------
40
流行唱法培训
-------------------test--------------------
36
流行演唱培训
-------------------test--------------------
100
张家界旅行社
-------------------test--------------------
100
张家界自驾游
-------------------test--------------------
13
长沙化妆培训
-------------------test--------------------
1
长沙纹绣培训
1
-------------------test--------------------
12
长沙纹绣学校
-------------------test--------------------
31
长沙化妆学校
-------------------test--------------------
7
长沙美甲培训
7
-------------------test--------------------
9
长沙美甲培训学校
9
-------------------test--------------------
1
长沙美甲学校
1
-------------------test--------------------
13
长沙纹绣培训学校
-------------------test--------------------
3
长沙泡沫雕塑
3
-------------------test--------------------
1
长沙雕塑厂
1
-------------------test--------------------
12
婚外情调查
-------------------test--------------------
100
不锈钢桥架
-------------------test--------------------
100
喷塑桥架
-------------------test--------------------
100
大跨距桥架
-------------------test--------------------
100
桥架厂家
-------------------test--------------------
100
梯式桥架
-------------------test--------------------
100
玻璃钢桥架
-------------------test--------------------
100
电缆桥架
-------------------test--------------------
100
网格桥架
-------------------test--------------------
100
铝合金桥架
-------------------test--------------------
100
防火桥架
-------------------test--------------------
8
奔驰音响改装
8
-------------------test--------------------
12
湖南汽车音响改装
-------------------test--------------------
8
长沙汽车音响改装
8
-------------------test--------------------
12
长沙音响改装
-------------------test--------------------
1
实木凉亭
1
-------------------test--------------------
7
湖南防腐木
7
-------------------test--------------------
7
防腐木厂家
7
-------------------test--------------------
4
全铝衣柜
4
-------------------test--------------------
9
橱柜铝材
9
-------------------test--------------------
100
泡沫雕塑
-------------------test--------------------
3
橱柜门铝材
3
-------------------test--------------------
24
全铝橱柜
-------------------test--------------------
1
铝合金整体橱柜
1
-------------------test--------------------
100
商务调查
-------------------test--------------------
100
商务调查公司
-------------------test--------------------
100
婚姻调查
-------------------test--------------------
100
长沙婚姻调查
-------------------test--------------------
100
长沙私家侦探
-------------------test--------------------
18
铝合金橱柜
-------------------test--------------------
15
小龙虾养殖技术培训
-------------------test--------------------
100
长沙调查公司
-------------------test--------------------
3
小龙虾室内养殖技术
3
-------------------test--------------------
100
宝马音响改装
-------------------test--------------------
100
汽车音响改装哪里好
-------------------test--------------------
100
汽车音响改装要多少钱
-------------------test--------------------
100
户外凉亭
-------------------test--------------------
3
江西龙虾养殖
3
-------------------test--------------------
11
湖南小龙虾养殖基地
-------------------test--------------------
3
湖南龙虾养殖
3
-------------------test--------------------
100
防腐木凉亭
-------------------test--------------------
100
全铝家居
-------------------test--------------------
1
长沙化妆培训
1
-------------------test--------------------
19
龙虾养殖
-------------------test--------------------
13
长沙化妆培训学校
-------------------test--------------------
45
小龙虾养殖技术
-------------------test--------------------
100
铝型材生产厂家
-------------------test--------------------
39
湖南龙虾养殖场
-------------------test--------------------
100
养殖龙虾需要多少钱
-------------------test--------------------
5
长沙新娘跟妆培训
5
-------------------test--------------------
100
四川小龙虾养殖
-------------------test--------------------
100
如何养殖小龙虾
-------------------test--------------------
100
广东龙虾养殖
-------------------test--------------------
100
广西龙虾养殖
-------------------test--------------------
13
长沙美甲培训
-------------------test--------------------
100
稻田小龙虾养殖
-------------------test--------------------
100
龙虾养殖基地
-------------------test--------------------
100
宜春化妆培训
-------------------test--------------------
100
张家界化妆培训
-------------------test--------------------
100
怀化化妆培训
-------------------test--------------------
100
衡阳化妆培训
-------------------test--------------------
100
长沙学化妆
-------------------test--------------------
100
长沙亲子照
-------------------test--------------------
100
长沙儿童摄影
-------------------test--------------------
100
长沙孕妇写真
-------------------test--------------------
29
长沙中医馆
-------------------test--------------------
100
长沙孕妇摄影
-------------------test--------------------
100
长沙孕妇照
-------------------test--------------------
100
中医养生保健
-------------------test--------------------
100
湖南中医馆
-------------------test--------------------
100
湖南看中医去哪里好
-------------------test--------------------
100
长沙中医
-------------------test--------------------
100
长沙中医养生馆
-------------------test--------------------
100
长沙中医院
-------------------test--------------------
100
长沙哪里的中医比较好
-------------------test--------------------
100
长沙好中医
-------------------test--------------------
100
长沙看中医哪里
-------------------test--------------------
100
长沙老中医
-------------------test--------------------
37
湖南双级节能空压机
-------------------test--------------------
7
长沙农家乐一日游
7
-------------------test--------------------
100
长沙靠谱老中医
-------------------test--------------------
15
长沙农家乐一览表
-------------------test--------------------
100
湖南储气罐
-------------------test--------------------
100
湖南储气罐批发
-------------------test--------------------
100
湖南双级空压机
-------------------test--------------------
100
湖南变频空压机
-------------------test--------------------
100
湖南干燥机
-------------------test--------------------
100
湖南永磁变频空压机
-------------------test--------------------
13
长沙农家乐哪里好玩
-------------------test--------------------
100
湖南空压机
-------------------test--------------------
7
长沙河西农家乐
7
-------------------test--------------------
11
长沙农家乐推荐
-------------------test--------------------
15
长沙附近农家乐
-------------------test--------------------
100
湖南空压机十大品牌
-------------------test--------------------
100
湖南空压机后处理设备
-------------------test--------------------
100
湖南冷干机
-------------------test--------------------
14
长沙周边好的农家乐
-------------------test--------------------
20
长沙好玩的农家乐
-------------------test--------------------
100
湖南精密过滤器
-------------------test--------------------
100
湖南节能空压机
-------------------test--------------------
100
湖南螺杆机
-------------------test--------------------
100
湖南过滤器
-------------------test--------------------
45
长沙周边农家乐
-------------------test--------------------
100
长沙办公家具
-------------------test--------------------
100
长沙办公家具厂
-------------------test--------------------
100
长沙办公屏风卡位
-------------------test--------------------
100
长沙办公高隔断
-------------------test--------------------
100
长沙办公桌椅
-------------------test--------------------
3
长沙素质拓展训练
3
-------------------test--------------------
14
长沙团建活动
-------------------test--------------------
19
长沙拓展活动
-------------------test--------------------
100
长沙户外拓展训练
-------------------test--------------------
100
长沙拓展训练
-------------------test--------------------
100
长沙趣味拓展活动
-------------------test--------------------
100
长沙信用卡代还
-------------------test--------------------
100
长沙信用卡套现
-------------------test--------------------
100
车险加盟
-------------------test--------------------
100
车险超市
-------------------test--------------------
100
gif
-------------------test--------------------
100
gif出处
-------------------test--------------------
100
gif出处高清视频
-------------------test--------------------
100
gif制作软件
-------------------test--------------------
100
GIF动态图
-------------------test--------------------
100
gif动态图片
-------------------test--------------------
100
gif发源地
-------------------test--------------------
100
gif图
-------------------test--------------------
100
gif快手
-------------------test--------------------
100
gif福利
-------------------test--------------------
9
长沙工商注册
9
-------------------test--------------------
2
长沙社保代理
2
-------------------test--------------------
2
长沙社保代缴
2
-------------------test--------------------
100
gif邪恶动态图
-------------------test--------------------
100
动态图片
-------------------test--------------------
100
搞笑gif
-------------------test--------------------
100
搞笑GIF动态图片
-------------------test--------------------
100
搞笑动态图
-------------------test--------------------
100
搞笑动态图片
-------------------test--------------------
100
福利gif
-------------------test--------------------
100
经典动态图gif出处
-------------------test--------------------
100
美女邪恶gif动态图
-------------------test--------------------
100
邪恶gif
-------------------test--------------------
100
代办营业执照
-------------------test--------------------
100
免费找工作
-------------------test--------------------
100
长沙公司代办
-------------------test--------------------
100
长沙公司注册
-------------------test--------------------
100
长沙工商代办
-------------------test--------------------
4
重庆网站开发
4
-------------------test--------------------
9
旅游张家界
9
-------------------test--------------------
100
长沙招聘信息
-------------------test--------------------
20
重庆微信制作
-------------------test--------------------
9
拱形波纹屋盖
9
-------------------test--------------------
20
张家界中国旅行社
-------------------test--------------------
28
张家界旅游费用
-------------------test--------------------
38
重庆APP制作
-------------------test--------------------
21
拱形屋顶工程
-------------------test--------------------
100
重庆APP开发
-------------------test--------------------
100
重庆微信开发
-------------------test--------------------
100
重庆软件开发
-------------------test--------------------
100
张家界旅行社
-------------------test--------------------
100
张家界自驾游
-------------------test--------------------
100
长沙花呗套现
-------------------test--------------------
100
拱形屋面
-------------------test--------------------
1
湖南LG木纹贴装饰膜
1
-------------------test--------------------
100
桁架结构公司
-------------------test--------------------
100
无梁拱屋面
-------------------test--------------------
100
网架结构公司
-------------------test--------------------
100
玻璃幕墙厂家
-------------------test--------------------
100
网架工程
-------------------test--------------------
100
网架结构工程
-------------------test--------------------
13
湖南太阳膜
-------------------test--------------------
14
湖南隔热膜
-------------------tes3
长沙素质拓展训练
3
-------------------test--------------------
14
长沙团建活动
-------------------test--------------------
18
长沙拓展活动
-------------------test--------------------
100
长沙户外拓展训练
-------------------test--------------------
100
长沙拓展训练
-------------------test--------------------
100
长沙趣味拓展活动
-------------------test--------------------
100
长沙信用卡代还
-------------------test--------------------
100
长沙信用卡套现
-------------------test--------------------
100
车险加盟
-------------------test--------------------
100
车险超市
-------------------test--------------------
100
gif
-------------------test--------------------
100
gif出处
-------------------test--------------------
100
gif出处高清视频
-------------------test--------------------
100
gif制作软件
-------------------test--------------------
100
GIF动态图
-------------------test--------------------
100
gif动态图片
-------------------test--------------------
100
gif发源地
-------------------test--------------------
100
gif图
-------------------test--------------------
100
gif快手
-------------------test--------------------
9
长沙工商注册
9
-------------------test--------------------
2
长沙社保代理
2
-------------------test--------------------
100
美女邪恶gif动态图
-------------------test--------------------
100
免费找工作
-------------------test--------------------
100
动态图片
-------------------test--------------------
100
gif邪恶动态图
-------------------test--------------------
10
长沙社保代缴
10
-------------------test--------------------
100
长沙公司代办
-------------------test--------------------
100
长沙公司注册
-------------------test--------------------
5
重庆APP开发
5
-------------------test--------------------
100
搞笑gif
-------------------test--------------------
5
重庆网站开发
5
-------------------test--------------------
19
重庆微信制作
-------------------test--------------------
100
搞笑动态图
-------------------test--------------------
100
福利gif
-------------------test--------------------
100
代办营业执照
-------------------test--------------------
100
长沙工商代办
-------------------test--------------------
100
经典动态图gif出处
-------------------test--------------------
38
重庆APP制作
-------------------test--------------------
8
旅游张家界
8
-------------------test--------------------
20
张家界中国旅行社
-------------------test--------------------
100
邪恶gif
-------------------test--------------------
100
搞笑GIF动态图片
-------------------test--------------------
29
张家界旅游费用
-------------------test--------------------
9
拱形波纹屋盖
9
-------------------test--------------------
100
长沙花呗套现
-------------------test--------------------
100
长沙招聘信息
-------------------test--------------------
100
张家界旅行社
-------------------test--------------------
100
重庆微信开发
-------------------test--------------------
100
搞笑动态图片
-------------------test--------------------
17
拱形屋顶工程
-------------------test--------------------
100
无梁拱屋面
-------------------test--------------------
100
玻璃幕墙厂家
-------------------test--------------------
100
金属拱形屋顶
-------------------test--------------------
100
网架结构工程
-------------------test--------------------
100
钢结构工程
-------------------test--------------------
13
湖南太阳膜
-------------------test--------------------
100
网架结构厂家
-------------------test--------------------
100
拱形屋面
-------------------test--------------------
100
桁架结构公司
-------------------test--------------------
100
螺栓球网架
-------------------test--------------------
100
膜结构工程公司
-------------------test--------------------
9
湖南防爆膜
9
-------------------test--------------------
1
湖南LG木纹贴装饰膜
1
-------------------test--------------------
100
金属波纹拱形屋盖
-------------------test--------------------
100
gif福利
-------------------test--------------------
100
湖南装饰膜
-------------------test--------------------
100
重庆软件开发
-------------------test--------------------
100
网架工程
-------------------test--------------------
100
湖南玻璃贴膜
-------------------test--------------------
100
张家界自驾游
-------------------test--------------------
100
网架结构公司
-------------------test--------------------
100
钢结构工程公司
-------------------test--------------------
t--------------------
100
膜结构工程公司
-------------------test--------------------
100
螺栓球网架
-------------------test--------------------
100
金属波纹拱形屋盖
-------------------test--------------------
100
金属拱形屋顶
-------------------test--------------------
100
钢结构工程
-------------------test--------------------
100
湖南玻璃贴膜
-------------------test--------------------
100
湖南装饰膜
-------------------test--------------------
100
湖南防爆膜
-------------------test--------------------
100
钢结构工程公司
-------------------test--------------------
1
长沙团建活动
1
-------------------test--------------------
2
长沙户外拓展训练
2
-------------------test--------------------
4
长沙拓展活动
4
-------------------test--------------------
2
长沙拓展训练
2
-------------------test--------------------
2
长沙素质拓展训练
2
-------------------test--------------------
2
长沙趣味拓展活动
2
-------------------test--------------------
1
长沙西装定制
1
-------------------test--------------------
5
号码魔方官网
5
-------------------test--------------------
5
手机控车
5
-------------------test--------------------
1
车酷奇
1
-------------------test--------------------
3
长沙信用卡代还
3
-------------------test--------------------
5
长沙信用卡套现
5
-------------------test--------------------
3
平江香干批发
3
-------------------test--------------------
19
平江香干
-------------------test--------------------
39
号码魔方6.7官方下载
-------------------test--------------------
100
定制男士西装
-------------------test--------------------
100
西服定制
-------------------test--------------------
41
西服定制加盟
-------------------test--------------------
100
西装定制
-------------------test--------------------
100
西装定制加盟
-------------------test--------------------
100
西装定制多少钱
-------------------test--------------------
100
长沙定做西装
-------------------test--------------------
100
长沙定制西装
-------------------test--------------------
100
号码魔方
-------------------test--------------------
100
智能车钥匙
-------------------test--------------------
3
多锤头破碎机租赁
3
-------------------test--------------------
1
打裂压稳施工
1
-------------------test--------------------
1
碎石化施工
1
-------------------test--------------------
1
湖南省煤炭地质勘查院
1
-------------------test--------------------
100
长沙好的家装公司
-------------------test--------------------
100
长沙室内装修
-------------------test--------------------
100
长沙家装公司
-------------------test--------------------
100
长沙最好的装修公司
-------------------test--------------------
25
车险超市
-------------------test--------------------
100
长沙装修公司
-------------------test--------------------
7
106短信平台
7
-------------------test--------------------
100
车险加盟
-------------------test--------------------
2
催收短信
2
-------------------test--------------------
4
发短信平台
4
-------------------test--------------------
11
企信通短信平台
-------------------test--------------------
2
商务短信
2
-------------------test--------------------
100
多锤头破碎机
-------------------test--------------------
100
水泥路面破碎
-------------------test--------------------
100
碎石化
-------------------test--------------------
100
代办营业执照
-------------------test--------------------
11
发短信软件
-------------------test--------------------
100
免费找工作
-------------------test--------------------
2
手机短信
2
-------------------test--------------------
2
活动短信
2
-------------------test--------------------
100
长沙公司代办
-------------------test--------------------
1
物业短信
1
-------------------test--------------------
100
长沙工商代办
-------------------test--------------------
9
短信发送平台
9
-------------------test--------------------
100
长沙工商注册
-------------------test--------------------
100
长沙招聘信息
-------------------test--------------------
3
短信广告
3
-------------------test--------------------
4
短信群发助手
4
-------------------test--------------------
100
长沙社保代理
-------------------test--------------------
100
长沙社保代缴
-------------------test--------------------
1
通知短信
1
-------------------test--------------------
2
销售短信
2
-------------------test--------------------
4
阿里大鱼
4
-------------------test--------------------
1
预约短信
1
-------------------test--------------------
100
企信通
-------------------test--------------------
21
短信群发
-------------------test--------------------
29
短信群发平台
-------------------test--------------------
19
群发软件
-------------------test--------------------
7
轧辊淬火机床
7
-------------------test--------------------
100
短信平台
-------------------test--------------------
39
群发短信
-------------------test--------------------
30
压淬机床
-------------------test--------------------
100
开业短信
-------------------test--------------------
100
旅游张家界
-------------------test--------------------
100
张家界旅行社
-------------------test--------------------
11
轧辊淬火设备
-------------------test--------------------
100
张家界自驾游
-------------------test--------------------
100
祝福短信
-------------------test--------------------
100
短信祝福
-------------------test--------------------
29
张家界旅游费用
-------------------test--------------------
100
张家界中国旅行社
-------------------test--------------------
100
网易云信
-------------------test--------------------
15
拱形波纹屋盖
-------------------test--------------------
100
淬火设备
-------------------test--------------------
100
感应加热设备
-------------------test--------------------
100
数控淬火机床
-------------------test--------------------
1
湖南LG木纹贴装饰膜
1
-------------------test--------------------
100
拱形屋顶工程
-------------------test--------------------
100
网架结构工程
-------------------test--------------------
100
玻璃幕墙厂家
-------------------test--------------------
100
无梁拱屋面
-------------------test--------------------
100
螺栓球网架
-------------------test--------------------
5
湖南装饰膜
5
-------------------test--------------------
100
网架工程
-------------------test--------------------
100
网架结构公司
-------------------test--------------------
100
膜结构工程公司
-------------------test--------------------
1
湖南防爆膜
1
-------------------test--------------------
1
湖南隔热膜
1
-------------------test--------------------
100
金属拱形屋顶
-------------------test--------------------
100
金属波纹拱形屋盖
-------------------test--------------------
100
钢结构工程
-------------------test--------------------
100
钢结构工程公司
-------------------test--------------------
34
湖南太阳膜
-------------------test--------------------
100
湖南玻璃贴膜
-------------------test--------------------
100
网架结构厂家
-------------------test--------------------
100
办公家具厂
-------------------test--------------------
100
长沙办公高隔断
-------------------test--------------------
100
长沙办公家具厂
100
办公家具
-------------------test--------------------
-------------------test--------------------
100
长沙办公家具
-------------------test--------------------
100
长沙办公屏风卡位
-------------------test--------------------
1
湖南LG木纹贴装饰膜
1
-------------------test--------------------
4
湖南装饰膜
4
-------------------test--------------------
1
湖南防爆膜
1
-------------------test--------------------
2
湖南隔热膜
2
-------------------test--------------------
100
湖南太阳膜
-------------------test--------------------
100
湖南玻璃贴膜
-------------------test--------------------
1
湖南LG木纹贴装饰膜
1
-------------------test--------------------
100
湖南太阳膜
-------------------test--------------------
100
湖南玻璃贴膜
-------------------test--------------------
100
湖南装饰膜
-------------------test--------------------
100
湖南防爆膜
-------------------test--------------------
100
湖南隔热膜
-------------------test--------------------
100
长沙信用卡代还
-------------------test--------------------
100
长沙信用卡套现
-------------------test--------------------
100
长沙花呗套现
-------------------test--------------------
100
湖南LG木纹贴装饰膜
-------------------test--------------------
100
湖南太阳膜
-------------------test--------------------
100
湖南玻璃贴膜
-------------------test--------------------
100
湖南装饰膜
-------------------test--------------------
100
湖南防爆膜
-------------------test--------------------
100
湖南隔热膜
-------------------test--------------------
